{
  "stats": {
    "suites": 1,
    "tests": 5,
    "passes": 5,
    "pending": 0,
    "failures": 0,
    "start": "2023-03-02T16:54:55.981Z",
    "end": "2023-03-02T16:54:56.761Z",
    "duration": 780,
    "testsRegistered": 5,
    "passPercent": 100,
    "pendingPercent": 0,
    "other": 0,
    "hasOther": false,
    "skipped": 0,
    "hasSkipped": false
  },
  "results": [
    {
      "uuid": "a23f6be2-37d4-40bf-8f05-5850908fcebe",
      "title": "",
      "fullFile": "C:\\Users\\JON\\Documents\\QA\\Mocha Chai\\pr_week_4_jehan\\testing\\test_api_jehan.js",
      "file": "\\testing\\test_api_jehan.js",
      "beforeHooks": [
        {
          "title": "\"before all\" hook: beforeAll in \"{root}\"",
          "fullTitle": "\"before all\" hook: beforeAll in \"{root}\"",
          "timedOut": false,
          "duration": 255,
          "state": null,
          "speed": null,
          "pass": false,
          "fail": false,
          "pending": false,
          "context": null,
          "code": "// do something before every test\nlet nama = 'mufti'\nconst responsecreateUser = await api.createUser(nama);\n//console.log(responsecreateUser.body);\nglobal.userid = responsecreateUser.body.id;",
          "err": {},
          "uuid": "7c756dc1-f8b0-4f32-ba59-d40084ab74b4",
          "parentUUID": "a23f6be2-37d4-40bf-8f05-5850908fcebe",
          "isHook": true,
          "skipped": false
        }
      ],
      "afterHooks": [],
      "tests": [],
      "suites": [
        {
          "uuid": "15ce24c9-5b0b-4f2b-8742-b4d1e7196182",
          "title": "API GET USER LIST - API GET {{base_url}}/api/bootcamp/users",
          "fullFile": "C:\\Users\\JON\\Documents\\QA\\Mocha Chai\\pr_week_4_jehan\\testing\\test_api_jehan.js",
          "file": "\\testing\\test_api_jehan.js",
          "beforeHooks": [],
          "afterHooks": [],
          "tests": [
            {
              "title": "Test positive apakah createuser semua field terisi",
              "fullTitle": "API GET USER LIST - API GET {{base_url}}/api/bootcamp/users Test positive apakah createuser semua field terisi",
              "timedOut": false,
              "duration": 85,
              "state": "passed",
              "speed": "slow",
              "pass": true,
              "fail": false,
              "pending": false,
              "context": null,
              "code": "let nama = 'mufti'\nconst response = await api.createUser(nama);\n      //  console.log(response.body)\nexpect(response.status).to.equal(200, 'Halo ini response status nya tidak 200');\nexpect(response.body.name).to.equal(nama);",
              "err": {},
              "uuid": "05c43d29-96e3-4014-b1fa-268d014991ce",
              "parentUUID": "15ce24c9-5b0b-4f2b-8742-b4d1e7196182",
              "isHook": false,
              "skipped": false
            },
            {
              "title": "Test positive Ketika Semua Field Terisi Kecuali Field Vehicles ",
              "fullTitle": "API GET USER LIST - API GET {{base_url}}/api/bootcamp/users Test positive Ketika Semua Field Terisi Kecuali Field Vehicles ",
              "timedOut": false,
              "duration": 92,
              "state": "passed",
              "speed": "slow",
              "pass": true,
              "fail": false,
              "pending": false,
              "context": null,
              "code": "let data = {\n    \"name\": \"jehan\",\n    \"phone_number\": \"123213213213\",\n    \"address\": \"Automasi Address\",\n    \"point\": 500,\n    \"is_registered\": true,\n    \"vehicles\": []   \n}\nconst response = await api.createUserModel2(data);\n       // console.log(response.body)\nexpect(response.status).to.equal(200, 'Halo ini response status nya tidak 200');\nexpect(response.body.name).to.equal(data.name);",
              "err": {},
              "uuid": "2f862214-88a2-4055-8ef8-1e6ac614ee8c",
              "parentUUID": "15ce24c9-5b0b-4f2b-8742-b4d1e7196182",
              "isHook": false,
              "skipped": false
            },
            {
              "title": "@Test Negative Ketika Field Terisi Cuma 1 Variabel",
              "fullTitle": "API GET USER LIST - API GET {{base_url}}/api/bootcamp/users @Test Negative Ketika Field Terisi Cuma 1 Variabel",
              "timedOut": false,
              "duration": 78,
              "state": "passed",
              "speed": "slow",
              "pass": true,
              "fail": false,
              "pending": false,
              "context": null,
              "code": "let data = [{\"name\": \"namaUser\",\n\"phone_number\": \"1112223334440000\",\n\"address\": \"Automasi Address\",\n\"point\": 500,\n\"is_registered\": true,\n}]\n\nconst respone = await api.createUserModel2(data);\n       // console.log(respone.body);\n       // console.log('ini status ' + respone.status)\n//expect(respone.body.message).to.equal('proto: syntax error (line 1:1): unexpected token 0');\nexpect(respone.status).to.equal(400, 'hasil response status tidak 400');\nexpect(respone.body.code).to.equal(3)",
              "err": {},
              "uuid": "d581731d-aa1d-4b10-be62-4453d92783c3",
              "parentUUID": "15ce24c9-5b0b-4f2b-8742-b4d1e7196182",
              "isHook": false,
              "skipped": false
            },
            {
              "title": "@Test Negative Ketika UserID Diganti Dengan Nomor Telepon",
              "fullTitle": "API GET USER LIST - API GET {{base_url}}/api/bootcamp/users @Test Negative Ketika UserID Diganti Dengan Nomor Telepon",
              "timedOut": false,
              "duration": 85,
              "state": "passed",
              "speed": "slow",
              "pass": true,
              "fail": false,
              "pending": false,
              "context": null,
              "code": "let tlp = '0823123231'\nconst respone = await api.createUserModel2(tlp);\n       // console.log(respone.body);\n       // console.log('ini status ' + respone.status)\nexpect(respone.body.message).to.equal('proto: syntax error (line 1:1): unexpected token 0');\nexpect(respone.status).to.equal(400, 'hasil response status tidak 400');\nexpect(respone.body.code).to.equal(3)",
              "err": {},
              "uuid": "31087c47-c33b-4f4f-a6ca-5e5aaeb50508",
              "parentUUID": "15ce24c9-5b0b-4f2b-8742-b4d1e7196182",
              "isHook": false,
              "skipped": false
            },
            {
              "title": "DELETE berhasil dan CreateUser tersimpan di HOOKS",
              "fullTitle": "API GET USER LIST - API GET {{base_url}}/api/bootcamp/users DELETE berhasil dan CreateUser tersimpan di HOOKS",
              "timedOut": false,
              "duration": 173,
              "state": "passed",
              "speed": "slow",
              "pass": true,
              "fail": false,
              "pending": false,
              "context": null,
              "code": "console.log(global.userid)\n        const responsedeleteUser = await api.deleteUser(global.userid);\n        //console.log(responsedeleteUser.body);\n        expect(responsedeleteUser.status).to.equal(200);\n        expect(responsedeleteUser.body.id).to.equal(global.userid);\n        const responsegetdata= await api.getUserDetail(global.userid)\n        //console.log(responsegetdata.body);\n        expect(responsegetdata.status).to.not.equal(200);",
              "err": {},
              "uuid": "16b9f8ab-05c9-4259-ac9f-cee886895524",
              "parentUUID": "15ce24c9-5b0b-4f2b-8742-b4d1e7196182",
              "isHook": false,
              "skipped": false
            }
          ],
          "suites": [],
          "passes": [
            "05c43d29-96e3-4014-b1fa-268d014991ce",
            "2f862214-88a2-4055-8ef8-1e6ac614ee8c",
            "d581731d-aa1d-4b10-be62-4453d92783c3",
            "31087c47-c33b-4f4f-a6ca-5e5aaeb50508",
            "16b9f8ab-05c9-4259-ac9f-cee886895524"
          ],
          "failures": [],
          "pending": [],
          "skipped": [],
          "duration": 513,
          "root": false,
          "rootEmpty": false,
          "_timeout": 10000
        }
      ],
      "passes": [],
      "failures": [],
      "pending": [],
      "skipped": [],
      "duration": 0,
      "root": true,
      "rootEmpty": true,
      "_timeout": 10000
    }
  ],
  "meta": {
    "mocha": {
      "version": "10.2.0"
    },
    "mochawesome": {
      "options": {
        "quiet": false,
        "reportFilename": "mochawesome",
        "saveHtml": true,
        "saveJson": true,
        "consoleReporter": "spec",
        "useInlineDiffs": false,
        "code": true
      },
      "version": "7.1.3"
    },
    "marge": {
      "options": null,
      "version": "6.2.0"
    }
  }
}